[36mINFO[0m[0091] /login                                        [36mmethod[0m=POST [36mremote_addr[0m="[::1]:39114" [36mwork_time[0m=16.465302ms
[36mINFO[0m[0001] /login                                        [36mmethod[0m=POST [36mremote_addr[0m="[::1]:39120" [36mwork_time[0m=6.97119ms
[36mINFO[0m[0063] /login                                        [36mmethod[0m=POST [36mremote_addr[0m="[::1]:42508" [36mwork_time[0m=20.205139ms
[31mERRO[0m[0002] {"Cause":{"Op":"dial","Net":"tcp","Source":null,"Addr":{"IP":"127.0.0.1","Port":6379,"Zone":""},"Err":{"Syscall":"connect","Err":111}},"Detail":"can not get session in GetIDdial tcp 127.0.0.1:6379: connect: connection refused","Status":500}  [31mmethod[0m=POST [31mremote_addr[0m="[::1]:52124"
[36mINFO[0m[0002] /login                                        [36mmethod[0m=POST [36mremote_addr[0m="[::1]:52124" [36mwork_time[0m=22.102323ms
[31mERRO[0m[0004] {"Cause":{"Op":"dial","Net":"tcp","Source":null,"Addr":{"IP":"127.0.0.1","Port":6379,"Zone":""},"Err":{"Syscall":"connect","Err":111}},"Detail":"can not get session in GetIDdial tcp 127.0.0.1:6379: connect: connection refused","Status":500}  [31mmethod[0m=POST [31mremote_addr[0m="[::1]:52124"
[36mINFO[0m[0004] /login                                        [36mmethod[0m=POST [36mremote_addr[0m="[::1]:52124" [36mwork_time[0m=2.183701ms
[36mINFO[0m[0015] /login                                        [36mmethod[0m=POST [36mremote_addr[0m="[::1]:52124" [36mwork_time[0m=2.406332ms
[31mERRO[0m[0001] An error occurred:error while parsing response body: json: error calling MarshalJSON for type models.ClientError: unexpected end of JSON input 
[31mERRO[0m[0001] Internal server error                         [31merr[0m="error while parsing response body: json: error calling MarshalJSON for type models.ClientError: unexpected end of JSON input" [31mmethod[0m=POST [31mremote_addr[0m="[::1]:53318"
[36mINFO[0m[0001] /login                                        [36mmethod[0m=POST [36mremote_addr[0m="[::1]:53318" [36mwork_time[0m=4.589824ms
[31mERRO[0m[0003] An error occurred:error while parsing response body: json: error calling MarshalJSON for type models.ClientError: unexpected end of JSON input 
[31mERRO[0m[0003] Internal server error                         [31merr[0m="error while parsing response body: json: error calling MarshalJSON for type models.ClientError: unexpected end of JSON input" [31mmethod[0m=POST [31mremote_addr[0m="[::1]:53318"
[36mINFO[0m[0003] /login                                        [36mmethod[0m=POST [36mremote_addr[0m="[::1]:53318" [36mwork_time[0m="658.805µs"
[31mERRO[0m[0005] An error occurred:error while parsing response body: json: error calling MarshalJSON for type models.ClientError: unexpected end of JSON input 
[31mERRO[0m[0005] Internal server error                         [31merr[0m="error while parsing response body: json: error calling MarshalJSON for type models.ClientError: unexpected end of JSON input" [31mmethod[0m=POST [31mremote_addr[0m="[::1]:32858"
[36mINFO[0m[0005] /login                                        [36mmethod[0m=POST [36mremote_addr[0m="[::1]:32858" [36mwork_time[0m=4.222814ms
[31mERRO[0m[0003] {"Cause":null,"Detail":"Bad request: malformed data","Status":400}  [31mmethod[0m=POST [31mremote_addr[0m="[::1]:33644"
[36mINFO[0m[0003] /login                                        [36mmethod[0m=POST [36mremote_addr[0m="[::1]:33644" [36mwork_time[0m=5.230628ms
[31mERRO[0m[0000] listen tcp :8081: bind: address already in use 
[36mINFO[0m[0003] /workspaces                                   [36mmethod[0m=POST [36mremote_addr[0m="[::1]:48866" [36mwork_time[0m=2.658572448s
[36mINFO[0m[0022] /workspaces                                   [36mmethod[0m=POST [36mremote_addr[0m="[::1]:48866" [36mwork_time[0m=2.590192622s
[31mERRO[0m[0002] {"Cause":{},"Detail":"workspace not exists: sql: no rows in result set","Status":400}  [31mmethod[0m=PUT [31mremote_addr[0m="[::1]:49368"
[36mINFO[0m[0002] /workspaces/1                                 [36mmethod[0m=PUT [36mremote_addr[0m="[::1]:49368" [36mwork_time[0m=5.382624ms
[36mINFO[0m[0010] /workspaces/1                                 [36mmethod[0m=GET [36mremote_addr[0m="[::1]:49368" [36mwork_time[0m=2.235009ms
[36mINFO[0m[0215] /workspaces/1                                 [36mmethod[0m=PUT [36mremote_addr[0m="[::1]:49820" [36mwork_time[0m=3m34.998819381s
[36mINFO[0m[0222] /workspaces/1                                 [36mmethod[0m=GET [36mremote_addr[0m="[::1]:49820" [36mwork_time[0m=1.862641735s
[31mERRO[0m[0005] listen tcp :8081: bind: address already in use 
[31mERRO[0m[0005] {"Cause":{},"Detail":"workspace not exists: sql: no rows in result set","Status":400}  [31mmethod[0m=GET [31mremote_addr[0m="[::1]:46720"
[36mINFO[0m[0005] /chats/users/1                                [36mmethod[0m=GET [36mremote_addr[0m="[::1]:46720" [36mwork_time[0m=15.373567ms
[36mINFO[0m[0017] /chats/users/1                                [36mmethod[0m=GET [36mremote_addr[0m="[::1]:46720" [36mwork_time[0m="641.56µs"
[36mINFO[0m[0036] /chats/users/1                                [36mmethod[0m=GET [36mremote_addr[0m="[::1]:46720" [36mwork_time[0m="887.502µs"
[36mINFO[0m[0056] /chats/users/1                                [36mmethod[0m=GET [36mremote_addr[0m="[::1]:46720" [36mwork_time[0m=3.08381ms
[36mINFO[0m[0039] /chats/users/1                                [36mmethod[0m=GET [36mremote_addr[0m="[::1]:51368" [36mwork_time[0m=29.320606734s
[36mINFO[0m[0036] /users                                        [36mmethod[0m=GET [36mremote_addr[0m="[::1]:40982" [36mwork_time[0m=31.962649003s
[36mINFO[0m[0210] /users                                        [36mmethod[0m=GET [36mremote_addr[0m="[::1]:40982" [36mwork_time[0m=2m49.206623222s
[36mINFO[0m[0218] /users/login                                  [36mmethod[0m=POST [36mremote_addr[0m="[::1]:40982" [36mwork_time[0m=3.008246ms
[36mINFO[0m[0226] /users/login                                  [36mmethod[0m=POST [36mremote_addr[0m="[::1]:40982" [36mwork_time[0m=2.874209ms
[31mERRO[0m[0000] listen tcp :8082: bind: address already in use 
[31mERRO[0m[0000] listen tcp :8080: bind: address already in use 
[31mERRO[0m[0000] listen tcp :8083: bind: address already in use 
[31mERRO[0m[0000] listen tcp :8083: bind: address already in use 
[31mERRO[0m[0000] listen tcp :8081: bind: address already in use 
[31mERRO[0m[0000] listen tcp :8082: bind: address already in use 
[36mINFO[0m[0018] /users                                        [36mmethod[0m=GET [36mremote_addr[0m="[::1]:41666" [36mwork_time[0m=22.390428ms
[36mINFO[0m[0018] /chats/users/1                                [36mmethod[0m=GET [36mremote_addr[0m="[::1]:53552" [36mwork_time[0m=35.399907ms
[36mINFO[0m[0018] /messages/chats/2                             [36mmethod[0m=GET [36mremote_addr[0m="[::1]:53232" [36mwork_time[0m=16.994842ms
[36mINFO[0m[0018] /messages/chats/4                             [36mmethod[0m=GET [36mremote_addr[0m="[::1]:53232" [36mwork_time[0m=11.321924ms
[31mERRO[0m[0019] Internal server error                         [31merr[0m="open photos/default.png: no such file or directory" [31mmethod[0m=GET [31mremote_addr[0m="[::1]:41666"
[36mINFO[0m[0019] /users/photos/2                               [36mmethod[0m=GET [36mremote_addr[0m="[::1]:41666" [36mwork_time[0m=1.665424ms
[31mERRO[0m[0019] Internal server error                         [31merr[0m="open photos/default.png: no such file or directory" [31mmethod[0m=GET [31mremote_addr[0m="[::1]:41702"
[36mINFO[0m[0019] /users/photos/3                               [36mmethod[0m=GET [36mremote_addr[0m="[::1]:41702" [36mwork_time[0m="556.822µs"
[31mERRO[0m[0019] Internal server error                         [31merr[0m="open photos/default.png: no such file or directory" [31mmethod[0m=GET [31mremote_addr[0m="[::1]:41704"
[36mINFO[0m[0019] /users/photos/1                               [36mmethod[0m=GET [36mremote_addr[0m="[::1]:41704" [36mwork_time[0m="720.285µs"
[36mINFO[0m[0005] /users                                        [36mmethod[0m=GET [36mremote_addr[0m="[::1]:42214" [36mwork_time[0m=30.268231ms
[36mINFO[0m[0005] /chats/users/1                                [36mmethod[0m=GET [36mremote_addr[0m="[::1]:54100" [36mwork_time[0m=43.005985ms
[36mINFO[0m[0005] /messages/chats/2                             [36mmethod[0m=GET [36mremote_addr[0m="[::1]:53780" [36mwork_time[0m=19.997784ms
[36mINFO[0m[0005] /messages/chats/4                             [36mmethod[0m=GET [36mremote_addr[0m="[::1]:53780" [36mwork_time[0m=7.365046ms
[36mINFO[0m[0005] /users/photos/2                               [36mmethod[0m=GET [36mremote_addr[0m="[::1]:42214" [36mwork_time[0m="903.144µs"
[36mINFO[0m[0005] /users/photos/3                               [36mmethod[0m=GET [36mremote_addr[0m="[::1]:42214" [36mwork_time[0m="660.426µs"
[36mINFO[0m[0005] /users/photos/1                               [36mmethod[0m=GET [36mremote_addr[0m="[::1]:42252" [36mwork_time[0m=1.084543ms
[36mINFO[0m[0011] /users/3                                      [36mmethod[0m=GET [36mremote_addr[0m="[::1]:42214" [36mwork_time[0m=4.646016ms
[36mINFO[0m[0011] /messages/chats/4                             [36mmethod[0m=GET [36mremote_addr[0m="[::1]:53780" [36mwork_time[0m=5.948345ms
[36mINFO[0m[0011] /users                                        [36mmethod[0m=GET [36mremote_addr[0m="[::1]:42214" [36mwork_time[0m=1.250388ms
[36mINFO[0m[0011] /chats/users/1                                [36mmethod[0m=GET [36mremote_addr[0m="[::1]:54100" [36mwork_time[0m=18.100788ms
[36mINFO[0m[0011] /messages/chats/2                             [36mmethod[0m=GET [36mremote_addr[0m="[::1]:53780" [36mwork_time[0m=5.535079ms
[36mINFO[0m[0012] /messages/chats/4                             [36mmethod[0m=GET [36mremote_addr[0m="[::1]:53780" [36mwork_time[0m=6.917851ms
[36mINFO[0m[0012] /users/3                                      [36mmethod[0m=GET [36mremote_addr[0m="[::1]:42214" [36mwork_time[0m=5.785206ms
[36mINFO[0m[0012] /messages/chats/4                             [36mmethod[0m=GET [36mremote_addr[0m="[::1]:53780" [36mwork_time[0m=5.239004ms
[36mINFO[0m[0012] /users/photos/2                               [36mmethod[0m=GET [36mremote_addr[0m="[::1]:42214" [36mwork_time[0m="766.941µs"
[36mINFO[0m[0012] /users/photos/3                               [36mmethod[0m=GET [36mremote_addr[0m="[::1]:42214" [36mwork_time[0m="696.065µs"
[36mINFO[0m[0012] /users/photos/3                               [36mmethod[0m=GET [36mremote_addr[0m="[::1]:42214" [36mwork_time[0m="792.163µs"
[36mINFO[0m[0014] /messages/chats/4                             [36mmethod[0m=POST [36mremote_addr[0m="[::1]:53780" [36mwork_time[0m=10.503629ms
[36mINFO[0m[0017] /messages/chats/4                             [36mmethod[0m=POST [36mremote_addr[0m="[::1]:53780" [36mwork_time[0m=10.095914ms
[36mINFO[0m[0024] /messages/chats/4                             [36mmethod[0m=POST [36mremote_addr[0m="[::1]:53780" [36mwork_time[0m=7.096864ms
[36mINFO[0m[0033] /messages/14                                  [36mmethod[0m=PUT [36mremote_addr[0m="[::1]:53780" [36mwork_time[0m=8.919393ms
[36mINFO[0m[0044] /users                                        [36mmethod[0m=GET [36mremote_addr[0m="[::1]:56540" [36mwork_time[0m=39.067814ms
[36mINFO[0m[0045] /users                                        [36mmethod[0m=GET [36mremote_addr[0m="[::1]:56540" [36mwork_time[0m=1.474309ms
[36mINFO[0m[0045] /chats/users/1                                [36mmethod[0m=GET [36mremote_addr[0m="[::1]:48202" [36mwork_time[0m=69.697524ms
[36mINFO[0m[0046] /messages/chats/2                             [36mmethod[0m=GET [36mremote_addr[0m="[::1]:41956" [36mwork_time[0m=35.822634ms
[36mINFO[0m[0046] /messages/chats/4                             [36mmethod[0m=GET [36mremote_addr[0m="[::1]:41956" [36mwork_time[0m=10.633159ms
[36mINFO[0m[0046] /users/photos/2                               [36mmethod[0m=GET [36mremote_addr[0m="[::1]:56540" [36mwork_time[0m=1.758986ms
[36mINFO[0m[0046] /users/photos/3                               [36mmethod[0m=GET [36mremote_addr[0m="[::1]:56588" [36mwork_time[0m="769.497µs"
[36mINFO[0m[0046] /users/photos/1                               [36mmethod[0m=GET [36mremote_addr[0m="[::1]:56592" [36mwork_time[0m=1.604524ms
[36mINFO[0m[0007] /users                                        [36mmethod[0m=GET [36mremote_addr[0m="[::1]:60126" [36mwork_time[0m=38.86659ms
[36mINFO[0m[0007] /chats/users/1                                [36mmethod[0m=GET [36mremote_addr[0m="[::1]:51778" [36mwork_time[0m=49.923406ms
[36mINFO[0m[0008] /messages/chats/2                             [36mmethod[0m=GET [36mremote_addr[0m="[::1]:45532" [36mwork_time[0m=27.087275ms
[36mINFO[0m[0008] /messages/chats/4                             [36mmethod[0m=GET [36mremote_addr[0m="[::1]:45532" [36mwork_time[0m=6.694565ms
[36mINFO[0m[0008] /users/photos/2                               [36mmethod[0m=GET [36mremote_addr[0m="[::1]:60126" [36mwork_time[0m=1.24678ms
[36mINFO[0m[0008] /users/photos/3                               [36mmethod[0m=GET [36mremote_addr[0m="[::1]:60126" [36mwork_time[0m=1.029507ms
[36mINFO[0m[0008] /users/photos/1                               [36mmethod[0m=GET [36mremote_addr[0m="[::1]:60126" [36mwork_time[0m=3.218506ms
[36mINFO[0m[0039] /users/login                                  [36mmethod[0m=POST [36mremote_addr[0m="[::1]:36988" [36mwork_time[0m=167.984746ms
[36mINFO[0m[0068] /chats/users/1                                [36mmethod[0m=GET [36mremote_addr[0m="[::1]:56870" [36mwork_time[0m=17.900939ms
[36mINFO[0m[0076] /channels/1/messages                          [36mmethod[0m=GET [36mremote_addr[0m="[::1]:50624" [36mwork_time[0m="82.583µs"
[36mINFO[0m[0116] /messages/channels/1                          [36mmethod[0m=GET [36mremote_addr[0m="[::1]:50624" [36mwork_time[0m=359.439194ms
[31mERRO[0m[0122] Internal server error                         [31merr[0m="rpc error: code = Unknown desc = channel not exists: sql: Scan error on column index 3, name \"creatorid\": converting NULL to uint64 is unsupported : sql: Scan error on column index 3, name \"creatorid\": converting NULL to uint64 is unsupported" [31mmethod[0m=GET [31mremote_addr[0m="[::1]:50624"
[36mINFO[0m[0122] /messages/channels/2                          [36mmethod[0m=GET [36mremote_addr[0m="[::1]:50624" [36mwork_time[0m=3.006558ms
[31mERRO[0m[0011] /users/1                                      [31mmethod[0m=GET [31mpanic[0m="runtime error: invalid memory address or nil pointer dereference" [31mremote_addr[0m="[::1]:49128"
[36mINFO[0m[0006] /users/1                                      [36mmethod[0m=GET [36mremote_addr[0m="[::1]:49200" [36mstatus_code[0m=0 [36mwork_time[0m=13.942902ms
[36mINFO[0m[0002] /users/1                                      [36mmethod[0m=GET [36mremote_addr[0m="[::1]:49224" [36mstatus_code[0m=200 [36mwork_time[0m=3.911044ms
[36mINFO[0m[0015] /chats/2                                      [36mmethod[0m=GET [36mremote_addr[0m="[::1]:40876" [36mstatus_code[0m=200 [36mwork_time[0m=7.249655ms
[31mERRO[0m[0021] {"Cause":{},"Detail":"chat not exists: sql: no rows in result set","Status":400}  [31mmethod[0m=GET [31mremote_addr[0m="[::1]:40876"
[36mINFO[0m[0021] /chats/10                                     [36mmethod[0m=GET [36mremote_addr[0m="[::1]:40876" [36mstatus_code[0m=400 [36mwork_time[0m=1.851943ms
[36mINFO[0m[0008] /chats/users/1                                [36mmethod[0m=GET [36mremote_addr[0m="[::1]:43796" [36mstatus_code[0m=200 [36mwork_time[0m=22.958991ms
[36mINFO[0m[0001] /chats/users/1                                [36mmethod[0m=GET [36mremote_addr[0m="[::1]:43854" [36mstatus_code[0m=200 [36mwork_time[0m=27.056545ms
[31mERRO[0m[0029] {"Cause":{},"Detail":"workspace not exists: sql: no rows in result set","Status":400}  [31mmethod[0m=GET [31mremote_addr[0m="[::1]:43854"
[36mINFO[0m[0029] /workspaces/1                                 [36mmethod[0m=GET [36mremote_addr[0m="[::1]:43854" [36mstatus_code[0m=400 [36mwork_time[0m=2.228197ms
[31mERRO[0m[0042] {"Cause":{},"Detail":"workspace not exists: sql: no rows in result set","Status":400}  [31mmethod[0m=GET [31mremote_addr[0m="[::1]:43854"
[36mINFO[0m[0042] /workspaces/2                                 [36mmethod[0m=GET [36mremote_addr[0m="[::1]:43854" [36mstatus_code[0m=400 [36mwork_time[0m=2.392272ms
[36mINFO[0m[0045] /workspaces/3                                 [36mmethod[0m=GET [36mremote_addr[0m="[::1]:43854" [36mstatus_code[0m=200 [36mwork_time[0m=2.916686ms
[36mINFO[0m[0060] /workspaces/3/channels                        [36mmethod[0m=POST [36mremote_addr[0m="[::1]:43854" [36mstatus_code[0m=200 [36mwork_time[0m=7.380528ms
[36mINFO[0m[0064] /workspaces/3                                 [36mmethod[0m=GET [36mremote_addr[0m="[::1]:43854" [36mstatus_code[0m=200 [36mwork_time[0m=2.793458ms
[36mINFO[0m[0095] /chats/users/1                                [36mmethod[0m=GET [36mremote_addr[0m="[::1]:43854" [36mstatus_code[0m=200 [36mwork_time[0m=11.282528ms
[36mINFO[0m[0001] /chats/users/1                                [36mmethod[0m=GET [36mremote_addr[0m="[::1]:43896" [36mstatus_code[0m=200 [36mwork_time[0m=26.346188ms
[36mINFO[0m[0001] /workspaces/3                                 [36mmethod[0m=GET [36mremote_addr[0m="[::1]:43924" [36mstatus_code[0m=200 [36mwork_time[0m=22.404591ms
[36mINFO[0m[0006] /chats/users/1                                [36mmethod[0m=GET [36mremote_addr[0m="[::1]:43924" [36mstatus_code[0m=200 [36mwork_time[0m=14.799499ms
[36mINFO[0m[0004] /chats/users/1                                [36mmethod[0m=GET [36mremote_addr[0m="[::1]:43982" [36mstatus_code[0m=200 [36mwork_time[0m=35.724955ms
[36mINFO[0m[0014] /workspaces/3                                 [36mmethod[0m=GET [36mremote_addr[0m="[::1]:43982" [36mstatus_code[0m=200 [36mwork_time[0m=5.474765ms
[36mINFO[0m[0059] /users                                        [36mmethod[0m=GET [36mremote_addr[0m="[::1]:53040" [36mstatus_code[0m=200 [36mwork_time[0m=6.394471ms
[36mINFO[0m[0059] /chats/users/1                                [36mmethod[0m=GET [36mremote_addr[0m="[::1]:44690" [36mstatus_code[0m=200 [36mwork_time[0m=40.057458ms
[36mINFO[0m[0059] /messages/chats/2                             [36mmethod[0m=GET [36mremote_addr[0m="[::1]:38444" [36mstatus_code[0m=200 [36mwork_time[0m=12.740746ms
[36mINFO[0m[0059] /messages/chats/4                             [36mmethod[0m=GET [36mremote_addr[0m="[::1]:38444" [36mstatus_code[0m=200 [36mwork_time[0m=17.331133ms
[31mERRO[0m[0059] {"Cause":{},"Detail":"Can not upgrade connection","Status":400}  [31mmethod[0m=GET [31mremote_addr[0m="[::1]:53816"
[36mINFO[0m[0059] /notifications/chats/2                        [36mmethod[0m=GET [36mremote_addr[0m="[::1]:53816" [36mstatus_code[0m=400 [36mwork_time[0m=1.950526ms
[31mERRO[0m[0059] {"Cause":{},"Detail":"Can not upgrade connection","Status":400}  [31mmethod[0m=GET [31mremote_addr[0m="[::1]:53820"
[36mINFO[0m[0059] /notifications/chats/4                        [36mmethod[0m=GET [36mremote_addr[0m="[::1]:53820" [36mstatus_code[0m=400 [36mwork_time[0m=1.485999ms
[36mINFO[0m[0059] /users/photos/2                               [36mmethod[0m=GET [36mremote_addr[0m="[::1]:53040" [36mstatus_code[0m=200 [36mwork_time[0m="561.688µs"
[36mINFO[0m[0059] /users/photos/3                               [36mmethod[0m=GET [36mremote_addr[0m="[::1]:53040" [36mstatus_code[0m=200 [36mwork_time[0m="760.561µs"
[36mINFO[0m[0059] /users/photos/1                               [36mmethod[0m=GET [36mremote_addr[0m="[::1]:53040" [36mstatus_code[0m=200 [36mwork_time[0m="674.19µs"
[36mINFO[0m[0006] /notifications/chats/2                        [36mmethod[0m=GET [36mremote_addr[0m="[::1]:55220" [36mstatus_code[0m=401 [36mwork_time[0m="260.078µs"
[36mINFO[0m[0006] /notifications/chats/4                        [36mmethod[0m=GET [36mremote_addr[0m="[::1]:55222" [36mstatus_code[0m=401 [36mwork_time[0m="288.099µs"
[36mINFO[0m[0010] /users                                        [36mmethod[0m=GET [36mremote_addr[0m="[::1]:56546" [36mstatus_code[0m=200 [36mwork_time[0m=11.432477ms
[36mINFO[0m[0010] /chats/users/1                                [36mmethod[0m=GET [36mremote_addr[0m="[::1]:48196" [36mstatus_code[0m=200 [36mwork_time[0m=32.752725ms
[36mINFO[0m[0010] /messages/chats/2                             [36mmethod[0m=GET [36mremote_addr[0m="[::1]:41958" [36mstatus_code[0m=200 [36mwork_time[0m=12.716737ms
[36mINFO[0m[0010] /messages/chats/4                             [36mmethod[0m=GET [36mremote_addr[0m="[::1]:41958" [36mstatus_code[0m=200 [36mwork_time[0m=8.591575ms
[36mINFO[0m[0010] /users/photos/2                               [36mmethod[0m=GET [36mremote_addr[0m="[::1]:56546" [36mstatus_code[0m=200 [36mwork_time[0m="696.286µs"
[36mINFO[0m[0011] /users/photos/3                               [36mmethod[0m=GET [36mremote_addr[0m="[::1]:56586" [36mstatus_code[0m=200 [36mwork_time[0m="740.08µs"
[36mINFO[0m[0011] /users/photos/1                               [36mmethod[0m=GET [36mremote_addr[0m="[::1]:56546" [36mstatus_code[0m=200 [36mwork_time[0m="653.239µs"
[36mINFO[0m[0085] /messages/channels/2                          [36mmethod[0m=GET [36mremote_addr[0m="[::1]:60216" [36mstatus_code[0m=401 [36mwork_time[0m=2.869377ms
[31mERRO[0m[0105] Internal server error                         [31merr[0m="rpc error: code = Unknown desc = channel not exists: sql: Scan error on column index 3, name \"creatorid\": converting NULL to uint64 is unsupported : sql: Scan error on column index 3, name \"creatorid\": converting NULL to uint64 is unsupported" [31mmethod[0m=GET [31mremote_addr[0m="[::1]:60216"
[36mINFO[0m[0105] /messages/channels/2                          [36mmethod[0m=GET [36mremote_addr[0m="[::1]:60216" [36mstatus_code[0m=500 [36mwork_time[0m=26.474776ms
[36mINFO[0m[0113] /messages/chats/2                             [36mmethod[0m=GET [36mremote_addr[0m="[::1]:60216" [36mstatus_code[0m=200 [36mwork_time[0m=22.005305ms
[36mINFO[0m[0001] /messages/chats/2                             [36mmethod[0m=GET [36mremote_addr[0m="[::1]:32870" [36mstatus_code[0m=200 [36mwork_time[0m=28.677373ms
[36mINFO[0m[0007] /users                                        [36mmethod[0m=GET [36mremote_addr[0m="[::1]:46214" [36mstatus_code[0m=200 [36mwork_time[0m=9.698112ms
[36mINFO[0m[0032] /chats/users/6                                [36mmethod[0m=GET [36mremote_addr[0m="[::1]:41012" [36mstatus_code[0m=401 [36mwork_time[0m="175.974µs"
[36mINFO[0m[0002] /chats/users/6                                [36mmethod[0m=GET [36mremote_addr[0m="[::1]:41204" [36mstatus_code[0m=401 [36mwork_time[0m="207.016µs"
[36mINFO[0m[0007] /users/login                                  [36mmethod[0m=POST [36mremote_addr[0m="[::1]:45652" [36mstatus_code[0m=200 [36mwork_time[0m=279.39686ms
[36mINFO[0m[0002] /chats/users/6                                [36mmethod[0m=GET [36mremote_addr[0m="[::1]:57806" [36mstatus_code[0m=200 [36mwork_time[0m=1.043064059s
[36mINFO[0m[0005] /chats/users/6                                [36mmethod[0m=GET [36mremote_addr[0m="[::1]:58310" [36mstatus_code[0m=200 [36mwork_time[0m=991.694114ms
[31mERRO[0m[0001] {"Cause":{"Severity":"ERROR","Code":"42P01","Message":"relation \"chats_users\" does not exist","Detail":"","Hint":"","Position":"20","InternalPosition":"","InternalQuery":"","Where":"","Schema":"","Table":"","Column":"","DataTypeName":"","Constraint":"","File":"parse_relation.c","Line":"1180","Routine":"parserOpenTable"},"Detail":"Can not get chatsId in GetChats: pq: relation \"chats_users\" does not exist","Status":500}  [31mmethod[0m=GET [31mremote_addr[0m="[::1]:53226"
[36mINFO[0m[0001] /chats/users/6                                [36mmethod[0m=GET [36mremote_addr[0m="[::1]:53226" [36mstatus_code[0m=500 [36mwork_time[0m=40.927773ms
[36mINFO[0m[0011] /chats/users/6                                [36mmethod[0m=GET [36mremote_addr[0m="[::1]:46400" [36mstatus_code[0m=200 [36mwork_time[0m=354.879383ms
[31mERRO[0m[0003] listen tcp :8003: bind: address already in use 
[36mINFO[0m[0082] /users                                        [36mmethod[0m=GET [36mremote_addr[0m="[::1]:59374" [36mstatus_code[0m=200 [36mwork_time[0m=43.750097ms
[36mINFO[0m[0083] /chats/users/1                                [36mmethod[0m=GET [36mremote_addr[0m="[::1]:39916" [36mstatus_code[0m=200 [36mwork_time[0m=240.743173ms
[36mINFO[0m[0083] /messages/chats/1                             [36mmethod[0m=GET [36mremote_addr[0m="[::1]:41548" [36mstatus_code[0m=200 [36mwork_time[0m=81.883433ms
[36mINFO[0m[0083] /messages/chats/3                             [36mmethod[0m=GET [36mremote_addr[0m="[::1]:41548" [36mstatus_code[0m=200 [36mwork_time[0m=288.728831ms
[36mINFO[0m[0083] /messages/chats/8                             [36mmethod[0m=GET [36mremote_addr[0m="[::1]:41548" [36mstatus_code[0m=200 [36mwork_time[0m=48.388444ms
[36mINFO[0m[0083] /users/4                                      [36mmethod[0m=GET [36mremote_addr[0m="[::1]:59374" [36mstatus_code[0m=200 [36mwork_time[0m=18.843586ms
[36mINFO[0m[0084] /messages/chats/8                             [36mmethod[0m=GET [36mremote_addr[0m="[::1]:41548" [36mstatus_code[0m=200 [36mwork_time[0m=84.718939ms
[36mINFO[0m[0084] /users/photos/2                               [36mmethod[0m=GET [36mremote_addr[0m="[::1]:59374" [36mstatus_code[0m=200 [36mwork_time[0m="847.811µs"
[36mINFO[0m[0084] /users/photos/5                               [36mmethod[0m=GET [36mremote_addr[0m="[::1]:59418" [36mstatus_code[0m=200 [36mwork_time[0m="695.301µs"
[36mINFO[0m[0084] /users/photos/4                               [36mmethod[0m=GET [36mremote_addr[0m="[::1]:59422" [36mstatus_code[0m=200 [36mwork_time[0m="734.865µs"
[36mINFO[0m[0084] /users/photos/4                               [36mmethod[0m=GET [36mremote_addr[0m="[::1]:59422" [36mstatus_code[0m=200 [36mwork_time[0m="656.073µs"
[31mERRO[0m[0147] {"Cause":{},"Detail":"Not authorized:(","Status":401}  [31mmethod[0m=GET [31mremote_addr[0m="[::1]:59996"
[36mINFO[0m[0147] /users                                        [36mmethod[0m=GET [36mremote_addr[0m="[::1]:59996" [36mstatus_code[0m=401 [36mwork_time[0m=1.886956ms
[31mERRO[0m[0147] {"Cause":{},"Detail":"Not authorized:(","Status":401}  [31mmethod[0m=GET [31mremote_addr[0m="[::1]:59996"
[36mINFO[0m[0147] /users                                        [36mmethod[0m=GET [36mremote_addr[0m="[::1]:59996" [36mstatus_code[0m=401 [36mwork_time[0m="90.732µs"
[36mINFO[0m[0147] /chats/users/undefined                        [36mmethod[0m=GET [36mremote_addr[0m="[::1]:40534" [36mstatus_code[0m=404 [36mwork_time[0m="58.422µs"
[31mERRO[0m[0147] {"Cause":{},"Detail":"Not authorized:(","Status":401}  [31mmethod[0m=GET [31mremote_addr[0m="[::1]:59996"
[36mINFO[0m[0147] /users                                        [36mmethod[0m=GET [36mremote_addr[0m="[::1]:59996" [36mstatus_code[0m=401 [36mwork_time[0m="114.381µs"
[31mERRO[0m[0147] {"Cause":{},"Detail":"Not authorized:(","Status":401}  [31mmethod[0m=GET [31mremote_addr[0m="[::1]:59996"
[36mINFO[0m[0147] /users                                        [36mmethod[0m=GET [36mremote_addr[0m="[::1]:59996" [36mstatus_code[0m=401 [36mwork_time[0m="133.289µs"
[36mINFO[0m[0156] /users/login                                  [36mmethod[0m=POST [36mremote_addr[0m="[::1]:59996" [36mstatus_code[0m=200 [36mwork_time[0m=17.100071ms
[36mINFO[0m[0156] /users                                        [36mmethod[0m=GET [36mremote_addr[0m="[::1]:59996" [36mstatus_code[0m=200 [36mwork_time[0m=6.677151ms
[36mINFO[0m[0156] /chats/users/4                                [36mmethod[0m=GET [36mremote_addr[0m="[::1]:40534" [36mstatus_code[0m=200 [36mwork_time[0m=281.708079ms
[36mINFO[0m[0156] /messages/chats/2                             [36mmethod[0m=GET [36mremote_addr[0m="[::1]:42244" [36mstatus_code[0m=200 [36mwork_time[0m=74.386916ms
[36mINFO[0m[0156] /messages/chats/8                             [36mmethod[0m=GET [36mremote_addr[0m="[::1]:42244" [36mstatus_code[0m=200 [36mwork_time[0m=65.514365ms
[36mINFO[0m[0156] /users/photos/2                               [36mmethod[0m=GET [36mremote_addr[0m="[::1]:59996" [36mstatus_code[0m=200 [36mwork_time[0m=8.336262ms
[36mINFO[0m[0156] /users/photos/1                               [36mmethod[0m=GET [36mremote_addr[0m="[::1]:60096" [36mstatus_code[0m=200 [36mwork_time[0m=1.919301ms
[36mINFO[0m[0156] /users/photos/4                               [36mmethod[0m=GET [36mremote_addr[0m="[::1]:60104" [36mstatus_code[0m=200 [36mwork_time[0m=1.839806ms
[36mINFO[0m[0165] /users/1                                      [36mmethod[0m=GET [36mremote_addr[0m="[::1]:60104" [36mstatus_code[0m=200 [36mwork_time[0m=14.218813ms
[36mINFO[0m[0166] /messages/chats/8                             [36mmethod[0m=GET [36mremote_addr[0m="[::1]:42244" [36mstatus_code[0m=200 [36mwork_time[0m=44.646013ms
[36mINFO[0m[0166] /users                                        [36mmethod[0m=GET [36mremote_addr[0m="[::1]:60104" [36mstatus_code[0m=200 [36mwork_time[0m=12.130773ms
[36mINFO[0m[0166] /chats/users/4                                [36mmethod[0m=GET [36mremote_addr[0m="[::1]:40534" [36mstatus_code[0m=200 [36mwork_time[0m=256.166049ms
[36mINFO[0m[0166] /messages/chats/2                             [36mmethod[0m=GET [36mremote_addr[0m="[::1]:42244" [36mstatus_code[0m=200 [36mwork_time[0m=50.123903ms
[36mINFO[0m[0166] /messages/chats/8                             [36mmethod[0m=GET [36mremote_addr[0m="[::1]:42244" [36mstatus_code[0m=200 [36mwork_time[0m=47.272153ms
[36mINFO[0m[0166] /users/1                                      [36mmethod[0m=GET [36mremote_addr[0m="[::1]:60104" [36mstatus_code[0m=200 [36mwork_time[0m=21.385828ms
[36mINFO[0m[0166] /messages/chats/8                             [36mmethod[0m=GET [36mremote_addr[0m="[::1]:42244" [36mstatus_code[0m=200 [36mwork_time[0m=63.916742ms
[36mINFO[0m[0166] /users/photos/2                               [36mmethod[0m=GET [36mremote_addr[0m="[::1]:60104" [36mstatus_code[0m=200 [36mwork_time[0m="493.328µs"
[36mINFO[0m[0166] /users/photos/1                               [36mmethod[0m=GET [36mremote_addr[0m="[::1]:60104" [36mstatus_code[0m=200 [36mwork_time[0m="551.081µs"
[36mINFO[0m[0166] /users/photos/1                               [36mmethod[0m=GET [36mremote_addr[0m="[::1]:60104" [36mstatus_code[0m=200 [36mwork_time[0m="588.254µs"
[36mINFO[0m[0200] /users                                        [36mmethod[0m=GET [36mremote_addr[0m="[::1]:60104" [36mstatus_code[0m=200 [36mwork_time[0m=7.690621ms
[36mINFO[0m[0201] /chats/users/4                                [36mmethod[0m=GET [36mremote_addr[0m="[::1]:40534" [36mstatus_code[0m=200 [36mwork_time[0m=210.700156ms
[36mINFO[0m[0201] /messages/chats/2                             [36mmethod[0m=GET [36mremote_addr[0m="[::1]:42244" [36mstatus_code[0m=200 [36mwork_time[0m=45.140854ms
[36mINFO[0m[0201] /messages/chats/8                             [36mmethod[0m=GET [36mremote_addr[0m="[::1]:42244" [36mstatus_code[0m=200 [36mwork_time[0m=53.955659ms
[36mINFO[0m[0201] /users/1                                      [36mmethod[0m=GET [36mremote_addr[0m="[::1]:60104" [36mstatus_code[0m=200 [36mwork_time[0m=16.326055ms
[36mINFO[0m[0201] /messages/chats/8                             [36mmethod[0m=GET [36mremote_addr[0m="[::1]:42244" [36mstatus_code[0m=200 [36mwork_time[0m=47.032834ms
[36mINFO[0m[0201] /users/photos/2                               [36mmethod[0m=GET [36mremote_addr[0m="[::1]:60104" [36mstatus_code[0m=200 [36mwork_time[0m="527.127µs"
[36mINFO[0m[0201] /users/photos/1                               [36mmethod[0m=GET [36mremote_addr[0m="[::1]:60096" [36mstatus_code[0m=200 [36mwork_time[0m="362.377µs"
[36mINFO[0m[0201] /users/photos/1                               [36mmethod[0m=GET [36mremote_addr[0m="[::1]:60096" [36mstatus_code[0m=200 [36mwork_time[0m="461.011µs"
[36mINFO[0m[0222] /users                                        [36mmethod[0m=GET [36mremote_addr[0m="[::1]:59422" [36mstatus_code[0m=200 [36mwork_time[0m=10.575088ms
[36mINFO[0m[0222] /chats/users/1                                [36mmethod[0m=GET [36mremote_addr[0m="[::1]:39916" [36mstatus_code[0m=200 [36mwork_time[0m=573.376731ms
[36mINFO[0m[0223] /messages/chats/1                             [36mmethod[0m=GET [36mremote_addr[0m="[::1]:41548" [36mstatus_code[0m=200 [36mwork_time[0m=50.193486ms
[36mINFO[0m[0223] /messages/chats/3                             [36mmethod[0m=GET [36mremote_addr[0m="[::1]:41548" [36mstatus_code[0m=200 [36mwork_time[0m=201.081281ms
[36mINFO[0m[0223] /messages/chats/8                             [36mmethod[0m=GET [36mremote_addr[0m="[::1]:41548" [36mstatus_code[0m=200 [36mwork_time[0m=55.099718ms
[36mINFO[0m[0223] /users/4                                      [36mmethod[0m=GET [36mremote_addr[0m="[::1]:59422" [36mstatus_code[0m=200 [36mwork_time[0m=17.688099ms
[36mINFO[0m[0223] /messages/chats/8                             [36mmethod[0m=GET [36mremote_addr[0m="[::1]:41548" [36mstatus_code[0m=200 [36mwork_time[0m=110.573691ms
[36mINFO[0m[0223] /users/photos/5                               [36mmethod[0m=GET [36mremote_addr[0m="[::1]:59374" [36mstatus_code[0m=200 [36mwork_time[0m=5.377171ms
[36mINFO[0m[0223] /users/photos/2                               [36mmethod[0m=GET [36mremote_addr[0m="[::1]:59422" [36mstatus_code[0m=200 [36mwork_time[0m=23.66367ms
[36mINFO[0m[0223] /users/photos/4                               [36mmethod[0m=GET [36mremote_addr[0m="[::1]:59418" [36mstatus_code[0m=200 [36mwork_time[0m="594.923µs"
[36mINFO[0m[0223] /users/photos/4                               [36mmethod[0m=GET [36mremote_addr[0m="[::1]:59418" [36mstatus_code[0m=200 [36mwork_time[0m="547.789µs"
[36mINFO[0m[0236] /messages/chats/8                             [36mmethod[0m=POST [36mremote_addr[0m="[::1]:41548" [36mstatus_code[0m=200 [36mwork_time[0m=636.469456ms
