[36mINFO[0m[0069] //channels/1/messages                         [36mmethod[0m=GET [36mremote_addr[0m="[::1]:36884" [36mwork_time[0m="40.099µs"
[31mERRO[0m[0069] /channels/1/messages                          [31mmethod[0m=GET [31mpanic[0m="runtime error: invalid memory address or nil pointer dereference" [31mremote_addr[0m="[::1]:36884"
[36mINFO[0m[0128] //channels/1/messages                         [36mmethod[0m=GET [36mremote_addr[0m="[::1]:36884" [36mwork_time[0m="24.159µs"
[31mERRO[0m[0128] /channels/1/messages                          [31mmethod[0m=GET [31mpanic[0m="runtime error: invalid memory address or nil pointer dereference" [31mremote_addr[0m="[::1]:36884"
[36mINFO[0m[0002] //channels/1/messages                         [36mmethod[0m=GET [36mremote_addr[0m="[::1]:36942" [36mwork_time[0m="44.394µs"
[31mERRO[0m[0032] /channels/1/messages                          [31mmethod[0m=GET [31mpanic[0m="runtime error: invalid memory address or nil pointer dereference" [31mremote_addr[0m="[::1]:36942"
[36mINFO[0m[0006] //channels/1/messages                         [36mmethod[0m=GET [36mremote_addr[0m="[::1]:36984" [36mwork_time[0m="57.829µs"
[31mERRO[0m[0065] /channels/1/messages                          [31mmethod[0m=GET [31mpanic[0m="runtime error: invalid memory address or nil pointer dereference" [31mremote_addr[0m="[::1]:36984"
[36mINFO[0m[0001] //channels/1/messages                         [36mmethod[0m=GET [36mremote_addr[0m="[::1]:37040" [36mwork_time[0m="49.002µs"
[31mERRO[0m[0043] /channels/1/messages                          [31mmethod[0m=GET [31mpanic[0m="runtime error: invalid memory address or nil pointer dereference" [31mremote_addr[0m="[::1]:37040"
[36mINFO[0m[0003] //channels/1/messages                         [36mmethod[0m=GET [36mremote_addr[0m="[::1]:37092" [36mwork_time[0m="8.256µs"
[31mERRO[0m[0015] /channels/1/messages                          [31mmethod[0m=GET [31mpanic[0m="runtime error: invalid memory address or nil pointer dereference" [31mremote_addr[0m="[::1]:37092"
[36mINFO[0m[0019] //channels/1/messages                         [36mmethod[0m=GET [36mremote_addr[0m="[::1]:37092" [36mwork_time[0m="12.726µs"
[36mINFO[0m[0001] //channels/1/messages                         [36mmethod[0m=GET [36mremote_addr[0m="[::1]:37122" [36mwork_time[0m="49.54µs"
[31mERRO[0m[0004] Internal server error                         [31merr[0m="rpc error: code = Unknown desc = chat not exists: sql: no rows in result set : sql: no rows in result set" [31mmethod[0m=GET [31mremote_addr[0m="[::1]:37122"
[36mINFO[0m[0004] /channels/1/messages                          [36mmethod[0m=GET [36mremote_addr[0m="[::1]:37122" [36mwork_time[0m=2.378328995s
[36mINFO[0m[0006] //channels/1/messages                         [36mmethod[0m=GET [36mremote_addr[0m="[::1]:37142" [36mwork_time[0m="41.725µs"
[31mERRO[0m[0007] Internal server error                         [31merr[0m="rpc error: code = Unknown desc = chat not exists: sql: no rows in result set : sql: no rows in result set" [31mmethod[0m=GET [31mremote_addr[0m="[::1]:37142"
[36mINFO[0m[0007] /channels/1/messages                          [36mmethod[0m=GET [36mremote_addr[0m="[::1]:37142" [36mwork_time[0m=1.933743106s
[36mINFO[0m[0022] //chats/1/messages                            [36mmethod[0m=GET [36mremote_addr[0m="[::1]:37142" [36mwork_time[0m="7.647µs"
[31mERRO[0m[0022] Internal server error                         [31merr[0m="rpc error: code = Unknown desc = chat not exists: sql: no rows in result set : sql: no rows in result set" [31mmethod[0m=GET [31mremote_addr[0m="[::1]:37142"
[36mINFO[0m[0022] /chats/1/messages                             [36mmethod[0m=GET [36mremote_addr[0m="[::1]:37142" [36mwork_time[0m=2.33295ms
[36mINFO[0m[0312] //chats/1/messages                            [36mmethod[0m=GET [36mremote_addr[0m="[::1]:37142" [36mwork_time[0m="7.595µs"
[31mERRO[0m[0312] Internal server error                         [31merr[0m="rpc error: code = Unknown desc = chat not exists: sql: no rows in result set : sql: no rows in result set" [31mmethod[0m=GET [31mremote_addr[0m="[::1]:37142"
[36mINFO[0m[0312] /chats/1/messages                             [36mmethod[0m=GET [36mremote_addr[0m="[::1]:37142" [36mwork_time[0m=8.297276ms
[36mINFO[0m[0324] //chats/1/messages                            [36mmethod[0m=GET [36mremote_addr[0m="[::1]:37142" [36mwork_time[0m="7.366µs"
[31mERRO[0m[0324] Internal server error                         [31merr[0m="rpc error: code = Unknown desc = chat not exists: sql: no rows in result set : sql: no rows in result set" [31mmethod[0m=GET [31mremote_addr[0m="[::1]:37142"
[36mINFO[0m[0324] /chats/1/messages                             [36mmethod[0m=GET [36mremote_addr[0m="[::1]:37142" [36mwork_time[0m=13.872356ms
[36mINFO[0m[0346] //chats/1/messages                            [36mmethod[0m=GET [36mremote_addr[0m="[::1]:37142" [36mwork_time[0m="7.355µs"
[31mERRO[0m[0346] Internal server error                         [31merr[0m="rpc error: code = Unavailable desc = all SubConns are in TransientFailure, latest connection error: connection error: desc = \"transport: Error while dialing dial tcp 127.0.0.1:5001: connect: connection refused\"" [31mmethod[0m=GET [31mremote_addr[0m="[::1]:37142"
[36mINFO[0m[0346] /chats/1/messages                             [36mmethod[0m=GET [36mremote_addr[0m="[::1]:37142" [36mwork_time[0m=1.670535ms
[36mINFO[0m[0348] //chats/1/messages                            [36mmethod[0m=GET [36mremote_addr[0m="[::1]:37142" [36mwork_time[0m="8.063µs"
[31mERRO[0m[0402] Internal server error                         [31merr[0m="rpc error: code = Unavailable desc = transport is closing" [31mmethod[0m=GET [31mremote_addr[0m="[::1]:37142"
[36mINFO[0m[0402] /chats/1/messages                             [36mmethod[0m=GET [36mremote_addr[0m="[::1]:37142" [36mwork_time[0m=53.616213885s
[36mINFO[0m[0408] //chats/2/messages                            [36mmethod[0m=GET [36mremote_addr[0m="[::1]:37142" [36mwork_time[0m="7.307µs"
[36mINFO[0m[0000] //chats/2/messages                            [36mmethod[0m=GET [36mremote_addr[0m="[::1]:37332" [36mwork_time[0m="16.541µs"
[36mINFO[0m[0000] //chats/2/messages                            [36mmethod[0m=GET [36mremote_addr[0m="[::1]:37356" [36mwork_time[0m="15.94µs"
[31mERRO[0m[0023] Internal server error                         [31merr[0m="rpc error: code = Unknown desc = Not enough permissions for this request:(" [31mmethod[0m=GET [31mremote_addr[0m="[::1]:37356"
[36mINFO[0m[0023] /chats/2/messages                             [36mmethod[0m=GET [36mremote_addr[0m="[::1]:37356" [36mwork_time[0m=22.884264476s
[36mINFO[0m[0105] //channels/1/messages                         [36mmethod[0m=GET [36mremote_addr[0m="[::1]:37356" [36mwork_time[0m="9.015µs"
[31mERRO[0m[0134] Internal server error                         [31merr[0m="rpc error: code = Unavailable desc = transport is closing" [31mmethod[0m=GET [31mremote_addr[0m="[::1]:37356"
[36mINFO[0m[0134] /channels/1/messages                          [36mmethod[0m=GET [36mremote_addr[0m="[::1]:37356" [36mwork_time[0m=29.069404932s
[36mINFO[0m[0140] //channels/1/messages                         [36mmethod[0m=GET [36mremote_addr[0m="[::1]:37356" [36mwork_time[0m="9.632µs"
[31mERRO[0m[0144] /channels/1/messages                          [31mmethod[0m=GET [31mpanic[0m="runtime error: invalid memory address or nil pointer dereference" [31mremote_addr[0m="[::1]:37356"
[36mINFO[0m[0153] //channels/1/messages                         [36mmethod[0m=GET [36mremote_addr[0m="[::1]:37356" [36mwork_time[0m="12.493µs"
[36mINFO[0m[0002] //channels/1/messages                         [36mmethod[0m=GET [36mremote_addr[0m="[::1]:37466" [36mwork_time[0m="48.075µs"
[36mINFO[0m[0002] /channels/1/messages                          [36mmethod[0m=GET [36mremote_addr[0m="[::1]:37466" [36mwork_time[0m=9.736786ms
[36mINFO[0m[0025] /messages/1                                   [36mmethod[0m=PUT [36mremote_addr[0m="[::1]:37466" [36mwork_time[0m=14.32403ms
[36mINFO[0m[0029] //channels/1/messages                         [36mmethod[0m=GET [36mremote_addr[0m="[::1]:37466" [36mwork_time[0m="8.242µs"
[36mINFO[0m[0029] /channels/1/messages                          [36mmethod[0m=GET [36mremote_addr[0m="[::1]:37466" [36mwork_time[0m=2.5997ms
[36mINFO[0m[2493] /channels/1                                   [36mmethod[0m=POST [36mremote_addr[0m="[::1]:38082" [36mwork_time[0m="32.286µs"
[31mERRO[0m[2504] {"Cause":{"Layout":"02.01.2006 15:04","Value":"","LayoutElem":"02","ValueElem":"","Message":""},"Detail":"Wrong date format","Status":400}  [31mmethod[0m=POST [31mremote_addr[0m="[::1]:38082"
[36mINFO[0m[2504] /channels/1/messages                          [36mmethod[0m=POST [36mremote_addr[0m="[::1]:38082" [36mwork_time[0m=2.358576ms
[36mINFO[0m[2554] /channels/1/messages                          [36mmethod[0m=POST [36mremote_addr[0m="[::1]:38082" [36mwork_time[0m=9.596578ms
[36mINFO[0m[2645] /messages/11                                  [36mmethod[0m=DELETE [36mremote_addr[0m="[::1]:38082" [36mwork_time[0m=8.302821ms
[36mINFO[0m[2717] //channels/1/messages                         [36mmethod[0m=GET [36mremote_addr[0m="[::1]:38082" [36mwork_time[0m="8.05µs"
[36mINFO[0m[2717] /channels/1/messages                          [36mmethod[0m=GET [36mremote_addr[0m="[::1]:38082" [36mwork_time[0m=2.773241ms
[36mINFO[0m[2721] /channels/1/messages                          [36mmethod[0m=POST [36mremote_addr[0m="[::1]:38082" [36mwork_time[0m=9.865339ms
[36mINFO[0m[2723] //channels/1/messages                         [36mmethod[0m=GET [36mremote_addr[0m="[::1]:38082" [36mwork_time[0m="8.374µs"
[36mINFO[0m[2723] /channels/1/messages                          [36mmethod[0m=GET [36mremote_addr[0m="[::1]:38082" [36mwork_time[0m=2.580211ms
[36mINFO[0m[2798] /messages/Message                             [36mmethod[0m=GET [36mremote_addr[0m="[::1]:38082" [36mwork_time[0m=9.984612ms
[31mERRO[0m[2811] Internal server error                         [31merr[0m="rpc error: code = Unknown desc = channel not exists: sql: Scan error on column index 3, name \"creatorid\": converting NULL to uint64 is unsupported : sql: Scan error on column index 3, name \"creatorid\": converting NULL to uint64 is unsupported" [31mmethod[0m=GET [31mremote_addr[0m="[::1]:38082"
[36mINFO[0m[2811] /messages/k                                   [36mmethod[0m=GET [36mremote_addr[0m="[::1]:38082" [36mwork_time[0m=6.876628ms
[31mERRO[0m[2814] Internal server error                         [31merr[0m="rpc error: code = Unknown desc = channel not exists: sql: Scan error on column index 3, name \"creatorid\": converting NULL to uint64 is unsupported : sql: Scan error on column index 3, name \"creatorid\": converting NULL to uint64 is unsupported" [31mmethod[0m=GET [31mremote_addr[0m="[::1]:38082"
[36mINFO[0m[2814] /messages/ke                                  [36mmethod[0m=GET [36mremote_addr[0m="[::1]:38082" [36mwork_time[0m=4.298724ms
[36mINFO[0m[0001] /messages/ke                                  [36mmethod[0m=GET [36mremote_addr[0m="[::1]:38316" [36mwork_time[0m=20.375258ms
[36mINFO[0m[0027] /channels/1/messages                          [36mmethod[0m=POST [36mremote_addr[0m="[::1]:57364" [36mwork_time[0m=8.958830549s
[36mINFO[0m[0101] /channels/1/messages                          [36mmethod[0m=POST [36mremote_addr[0m="[::1]:57364" [36mwork_time[0m=1m4.773006888s
[36mINFO[0m[0083] /messages/1                                   [36mmethod[0m=PUT [36mremote_addr[0m="[::1]:57750" [36mwork_time[0m=2.066483535s
[36mINFO[0m[0087] //channels/1/messages                         [36mmethod[0m=GET [36mremote_addr[0m="[::1]:57750" [36mwork_time[0m="7.273µs"
[31mERRO[0m[0087] Internal server error                         [31merr[0m="rpc error: code = Unknown desc = Not enough permissions for this request:(" [31mmethod[0m=GET [31mremote_addr[0m="[::1]:57750"
[36mINFO[0m[0087] /channels/1/messages                          [36mmethod[0m=GET [36mremote_addr[0m="[::1]:57750" [36mwork_time[0m=2.671611ms
[36mINFO[0m[0145] //channels/1/messages                         [36mmethod[0m=GET [36mremote_addr[0m="[::1]:57750" [36mwork_time[0m="8.428µs"
[36mINFO[0m[0145] /channels/1/messages                          [36mmethod[0m=GET [36mremote_addr[0m="[::1]:57750" [36mwork_time[0m=2.832813ms
[36mINFO[0m[0155] /messages/1                                   [36mmethod[0m=DELETE [36mremote_addr[0m="[::1]:57750" [36mwork_time[0m=1.533591794s
[36mINFO[0m[0158] //channels/1/messages                         [36mmethod[0m=GET [36mremote_addr[0m="[::1]:57750" [36mwork_time[0m="7.627µs"
[36mINFO[0m[0158] /channels/1/messages                          [36mmethod[0m=GET [36mremote_addr[0m="[::1]:57750" [36mwork_time[0m=3.286278ms
[36mINFO[0m[0164] /messages/ke                                  [36mmethod[0m=GET [36mremote_addr[0m="[::1]:57750" [36mwork_time[0m=28.290466ms
[36mINFO[0m[0265] /channels/4/messages                          [36mmethod[0m=POST [36mremote_addr[0m="[::1]:58484" [36mwork_time[0m=10.282005ms
[36mINFO[0m[0314] /chats/5/messages                             [36mmethod[0m=POST [36mremote_addr[0m="[::1]:58484" [36mwork_time[0m=12.697874ms
[36mINFO[0m[0323] //chats/5/messages                            [36mmethod[0m=GET [36mremote_addr[0m="[::1]:58484" [36mwork_time[0m="7.997µs"
[36mINFO[0m[0323] /chats/5/messages                             [36mmethod[0m=GET [36mremote_addr[0m="[::1]:58484" [36mwork_time[0m=3.231998ms
[36mINFO[0m[0335] /messages/17                                  [36mmethod[0m=PUT [36mremote_addr[0m="[::1]:58484" [36mwork_time[0m=9.91815ms
[36mINFO[0m[0338] //chats/5/messages                            [36mmethod[0m=GET [36mremote_addr[0m="[::1]:58484" [36mwork_time[0m="7.284µs"
[36mINFO[0m[0338] /chats/5/messages                             [36mmethod[0m=GET [36mremote_addr[0m="[::1]:58484" [36mwork_time[0m=3.201669ms
[36mINFO[0m[0343] /messages/17                                  [36mmethod[0m=DELETE [36mremote_addr[0m="[::1]:58484" [36mwork_time[0m=9.265714ms
[36mINFO[0m[0346] //chats/5/messages                            [36mmethod[0m=GET [36mremote_addr[0m="[::1]:58484" [36mwork_time[0m="8.176µs"
[36mINFO[0m[0346] /chats/5/messages                             [36mmethod[0m=GET [36mremote_addr[0m="[::1]:58484" [36mwork_time[0m=2.902719ms
[36mINFO[0m[0350] /chats/5/messages                             [36mmethod[0m=POST [36mremote_addr[0m="[::1]:58484" [36mwork_time[0m=9.893394ms
[36mINFO[0m[0358] //chats/5/messages                            [36mmethod[0m=GET [36mremote_addr[0m="[::1]:58484" [36mwork_time[0m="7.105µs"
[36mINFO[0m[0358] /chats/5/messages                             [36mmethod[0m=GET [36mremote_addr[0m="[::1]:58484" [36mwork_time[0m=3.092605ms
[36mINFO[0m[0362] /messages/ke                                  [36mmethod[0m=GET [36mremote_addr[0m="[::1]:58484" [36mwork_time[0m=21.172025ms
[36mINFO[0m[14118] /messages/kek                                 [36mmethod[0m=GET [36mremote_addr[0m="[::1]:59930" [36mwork_time[0m=50.486081ms
[36mINFO[0m[3890] /chats/2/messages                             [36mmethod[0m=GET [36mremote_addr[0m="[::1]:54400" [36mwork_time[0m=19.278421ms
[36mINFO[0m[3920] /chats/2/messages                             [36mmethod[0m=POST [36mremote_addr[0m="[::1]:54400" [36mwork_time[0m=26.303466ms
[36mINFO[0m[3926] /chats/2/messages                             [36mmethod[0m=GET [36mremote_addr[0m="[::1]:54400" [36mwork_time[0m=7.873509ms
[36mINFO[0m[3936] /messages/1                                   [36mmethod[0m=PUT [36mremote_addr[0m="[::1]:54400" [36mwork_time[0m=8.944678ms
[36mINFO[0m[3941] /chats/2/messages                             [36mmethod[0m=GET [36mremote_addr[0m="[::1]:54400" [36mwork_time[0m=4.208697ms
[36mINFO[0m[3945] /messages/1                                   [36mmethod[0m=DELETE [36mremote_addr[0m="[::1]:54400" [36mwork_time[0m=5.330502ms
[36mINFO[0m[3949] /chats/2/messages                             [36mmethod[0m=GET [36mremote_addr[0m="[::1]:54400" [36mwork_time[0m=2.750275ms
[31mERRO[0m[3951] {"Cause":{},"Detail":"Message not exists:(","Status":400}  [31mmethod[0m=PUT [31mremote_addr[0m="[::1]:54400"
[36mINFO[0m[3951] /messages/1                                   [36mmethod[0m=PUT [36mremote_addr[0m="[::1]:54400" [36mwork_time[0m=1.742075ms
[36mINFO[0m[3960] /chats/2/messages                             [36mmethod[0m=POST [36mremote_addr[0m="[::1]:54400" [36mwork_time[0m=7.325811ms
[36mINFO[0m[3976] /messages/kek                                 [36mmethod[0m=GET [36mremote_addr[0m="[::1]:54400" [36mwork_time[0m=5.206569ms
[36mINFO[0m[3999] /chats/2/messages                             [36mmethod[0m=GET [36mremote_addr[0m="[::1]:54400" [36mwork_time[0m=3.943384ms
[31mERRO[0m[4034] Internal server error                         [31merr[0m="rpc error: code = Unknown desc = channel not exists: sql: Scan error on column index 3, name \"creatorid\": converting NULL to uint64 is unsupported : sql: Scan error on column index 3, name \"creatorid\": converting NULL to uint64 is unsupported" [31mmethod[0m=POST [31mremote_addr[0m="[::1]:54400"
[36mINFO[0m[4034] /channels/2/messages                          [36mmethod[0m=POST [36mremote_addr[0m="[::1]:54400" [36mwork_time[0m=2.213147ms
[36mINFO[0m[4041] /channels/1/messages                          [36mmethod[0m=POST [36mremote_addr[0m="[::1]:54400" [36mwork_time[0m=11.629936ms
[31mERRO[0m[4048] Internal server error                         [31merr[0m="rpc error: code = Unknown desc = chat not exists: sql: no rows in result set : sql: no rows in result set" [31mmethod[0m=GET [31mremote_addr[0m="[::1]:54400"
[36mINFO[0m[4048] /chats/1/messages                             [36mmethod[0m=GET [36mremote_addr[0m="[::1]:54400" [36mwork_time[0m=5.138393ms
[36mINFO[0m[4053] /channels/1/messages                          [36mmethod[0m=GET [36mremote_addr[0m="[::1]:54400" [36mwork_time[0m=2.831012ms
[36mINFO[0m[0093] /messages/chats/2                             [36mmethod[0m=GET [36mremote_addr[0m="[::1]:34794" [36mwork_time[0m=43.674954ms
[36mINFO[0m[0095] /messages/chats/2                             [36mmethod[0m=GET [36mremote_addr[0m="[::1]:34794" [36mwork_time[0m=5.473588ms
[36mINFO[0m[0095] /messages/chats/2                             [36mmethod[0m=GET [36mremote_addr[0m="[::1]:34794" [36mwork_time[0m=5.078718ms
[36mINFO[0m[0096] /messages/chats/2                             [36mmethod[0m=GET [36mremote_addr[0m="[::1]:34794" [36mwork_time[0m=4.025956ms
[36mINFO[0m[0098] /messages/chats/2                             [36mmethod[0m=POST [36mremote_addr[0m="[::1]:34794" [36mwork_time[0m="19.139µs"
[36mINFO[0m[0102] /messages/chats/2                             [36mmethod[0m=POST [36mremote_addr[0m="[::1]:34794" [36mwork_time[0m="91.838µs"
[36mINFO[0m[0004] /messages/chats/2                             [36mmethod[0m=GET [36mremote_addr[0m="[::1]:35494" [36mwork_time[0m=35.396759ms
[36mINFO[0m[0004] /messages/chats/2                             [36mmethod[0m=GET [36mremote_addr[0m="[::1]:35494" [36mwork_time[0m=9.332697ms
[36mINFO[0m[0006] /messages/chats/2                             [36mmethod[0m=POST [36mremote_addr[0m="[::1]:35494" [36mwork_time[0m=23.787571ms
[36mINFO[0m[0007] /messages/chats/2                             [36mmethod[0m=POST [36mremote_addr[0m="[::1]:35494" [36mwork_time[0m=24.814538ms
[36mINFO[0m[0034] /messages/mem                                 [36mmethod[0m=GET [36mremote_addr[0m="[::1]:35858" [36mwork_time[0m=10.494204ms
[36mINFO[0m[0046] /messages/mem                                 [36mmethod[0m=GET [36mremote_addr[0m="[::1]:35858" [36mwork_time[0m=2.912848ms
[36mINFO[0m[0005] /messages/mem                                 [36mmethod[0m=GET [36mremote_addr[0m="[::1]:36720" [36mwork_time[0m=31.065376ms
[36mINFO[0m[0007] /messages/chats/3                             [36mmethod[0m=GET [36mremote_addr[0m="[::1]:36720" [36mwork_time[0m=4.812538ms
[36mINFO[0m[0007] /messages/chats/3                             [36mmethod[0m=GET [36mremote_addr[0m="[::1]:36720" [36mwork_time[0m=5.774278ms
[36mINFO[0m[0007] /messages/chats/3                             [36mmethod[0m=GET [36mremote_addr[0m="[::1]:36720" [36mwork_time[0m=5.022448ms
[36mINFO[0m[0009] /messages/chats/3                             [36mmethod[0m=POST [36mremote_addr[0m="[::1]:36720" [36mwork_time[0m=24.63843ms
[36mINFO[0m[0015] /messages/chats/2                             [36mmethod[0m=GET [36mremote_addr[0m="[::1]:36876" [36mwork_time[0m=5.463607ms
[36mINFO[0m[0015] /messages/chats/2                             [36mmethod[0m=GET [36mremote_addr[0m="[::1]:36876" [36mwork_time[0m=4.348084ms
[36mINFO[0m[0024] /messages/chats/2                             [36mmethod[0m=GET [36mremote_addr[0m="[::1]:36876" [36mwork_time[0m=6.716253ms
[36mINFO[0m[0030] /messages/antonpriyma                         [36mmethod[0m=GET [36mremote_addr[0m="[::1]:36876" [36mwork_time[0m=9.703164ms
[36mINFO[0m[0031] /messages/chats/4                             [36mmethod[0m=GET [36mremote_addr[0m="[::1]:36876" [36mwork_time[0m=4.888299ms
[36mINFO[0m[0031] /messages/chats/2                             [36mmethod[0m=GET [36mremote_addr[0m="[::1]:36876" [36mwork_time[0m=5.728207ms
[36mINFO[0m[0031] /messages/chats/4                             [36mmethod[0m=GET [36mremote_addr[0m="[::1]:36876" [36mwork_time[0m=6.841931ms
[36mINFO[0m[0031] /messages/chats/4                             [36mmethod[0m=GET [36mremote_addr[0m="[::1]:36876" [36mwork_time[0m=4.361357ms
[36mINFO[0m[0033] /messages/chats/4                             [36mmethod[0m=POST [36mremote_addr[0m="[::1]:36876" [36mwork_time[0m=4.061319ms
[36mINFO[0m[0038] /messages/chats/3                             [36mmethod[0m=GET [36mremote_addr[0m="[::1]:36720" [36mwork_time[0m=11.211936ms
[36mINFO[0m[0038] /messages/chats/4                             [36mmethod[0m=GET [36mremote_addr[0m="[::1]:36720" [36mwork_time[0m=9.379578ms
[36mINFO[0m[0038] /messages/chats/3                             [36mmethod[0m=GET [36mremote_addr[0m="[::1]:36720" [36mwork_time[0m=20.839131ms
[36mINFO[0m[0039] /messages/chats/4                             [36mmethod[0m=GET [36mremote_addr[0m="[::1]:36720" [36mwork_time[0m=13.673661ms
[36mINFO[0m[0039] /messages/chats/3                             [36mmethod[0m=GET [36mremote_addr[0m="[::1]:36720" [36mwork_time[0m=3.570626ms
[36mINFO[0m[0039] /messages/chats/4                             [36mmethod[0m=GET [36mremote_addr[0m="[::1]:36720" [36mwork_time[0m=4.758555ms
[36mINFO[0m[0039] /messages/chats/4                             [36mmethod[0m=GET [36mremote_addr[0m="[::1]:36720" [36mwork_time[0m=4.642893ms
[36mINFO[0m[0040] /messages/chats/4                             [36mmethod[0m=POST [36mremote_addr[0m="[::1]:36720" [36mwork_time[0m=24.608472ms
[36mINFO[0m[0043] /messages/chats/4                             [36mmethod[0m=POST [36mremote_addr[0m="[::1]:36876" [36mwork_time[0m=11.521133ms
[36mINFO[0m[0054] /messages/8                                   [36mmethod[0m=PUT [36mremote_addr[0m="[::1]:36720" [36mwork_time[0m=16.231455ms
[36mINFO[0m[0066] /messages/chats/2                             [36mmethod[0m=GET [36mremote_addr[0m="[::1]:36876" [36mwork_time[0m=15.64177ms
[36mINFO[0m[0066] /messages/chats/4                             [36mmethod[0m=GET [36mremote_addr[0m="[::1]:36876" [36mwork_time[0m=6.769446ms
[36mINFO[0m[0066] /messages/chats/4                             [36mmethod[0m=GET [36mremote_addr[0m="[::1]:36876" [36mwork_time[0m=3.414125ms
[36mINFO[0m[0069] /messages/chats/4                             [36mmethod[0m=POST [36mremote_addr[0m="[::1]:36876" [36mwork_time[0m=4.777477ms
[36mINFO[0m[0090] /messages/chats/3                             [36mmethod[0m=GET [36mremote_addr[0m="[::1]:36720" [36mwork_time[0m=5.765795ms
[36mINFO[0m[0090] /messages/chats/4                             [36mmethod[0m=GET [36mremote_addr[0m="[::1]:36720" [36mwork_time[0m=7.192073ms
[36mINFO[0m[0099] /messages/chats/3                             [36mmethod[0m=GET [36mremote_addr[0m="[::1]:36720" [36mwork_time[0m=4.546179ms
[36mINFO[0m[0099] /messages/chats/4                             [36mmethod[0m=GET [36mremote_addr[0m="[::1]:36720" [36mwork_time[0m=8.48911ms
[36mINFO[0m[0101] /messages/channels/5                          [36mmethod[0m=GET [36mremote_addr[0m="[::1]:36720" [36mwork_time[0m=4.296139ms
[36mINFO[0m[0101] /messages/chats/3                             [36mmethod[0m=GET [36mremote_addr[0m="[::1]:36720" [36mwork_time[0m=4.419854ms
[36mINFO[0m[0101] /messages/chats/4                             [36mmethod[0m=GET [36mremote_addr[0m="[::1]:36720" [36mwork_time[0m=3.362684ms
[36mINFO[0m[0120] /messages/channels/5                          [36mmethod[0m=GET [36mremote_addr[0m="[::1]:36720" [36mwork_time[0m=15.429188ms
[36mINFO[0m[0120] /messages/chats/3                             [36mmethod[0m=GET [36mremote_addr[0m="[::1]:36720" [36mwork_time[0m=4.981851ms
[36mINFO[0m[0120] /messages/chats/4                             [36mmethod[0m=GET [36mremote_addr[0m="[::1]:36720" [36mwork_time[0m=6.565118ms
[36mINFO[0m[0131] /messages/channels/5                          [36mmethod[0m=GET [36mremote_addr[0m="[::1]:36720" [36mwork_time[0m=9.061298ms
[36mINFO[0m[0131] /messages/chats/3                             [36mmethod[0m=GET [36mremote_addr[0m="[::1]:36720" [36mwork_time[0m=10.197219ms
[36mINFO[0m[0131] /messages/chats/4                             [36mmethod[0m=GET [36mremote_addr[0m="[::1]:36720" [36mwork_time[0m=4.719101ms
[36mINFO[0m[0169] /messages/chats/3                             [36mmethod[0m=GET [36mremote_addr[0m="[::1]:36720" [36mwork_time[0m=7.243855ms
[36mINFO[0m[0169] /messages/chats/4                             [36mmethod[0m=GET [36mremote_addr[0m="[::1]:36720" [36mwork_time[0m=3.695824ms
[36mINFO[0m[0183] /messages/chats/3                             [36mmethod[0m=GET [36mremote_addr[0m="[::1]:36720" [36mwork_time[0m=6.34842ms
[36mINFO[0m[0183] /messages/chats/4                             [36mmethod[0m=GET [36mremote_addr[0m="[::1]:36720" [36mwork_time[0m=7.666318ms
[36mINFO[0m[0227] /messages/chats/3                             [36mmethod[0m=GET [36mremote_addr[0m="[::1]:36720" [36mwork_time[0m=4.524006ms
[36mINFO[0m[0227] /messages/chats/4                             [36mmethod[0m=GET [36mremote_addr[0m="[::1]:36720" [36mwork_time[0m=4.626834ms
[36mINFO[0m[0234] /messages/chats/3                             [36mmethod[0m=GET [36mremote_addr[0m="[::1]:36720" [36mwork_time[0m=4.977807ms
[36mINFO[0m[0234] /messages/chats/4                             [36mmethod[0m=GET [36mremote_addr[0m="[::1]:36720" [36mwork_time[0m=5.175197ms
[36mINFO[0m[0370] /messages/chats/3                             [36mmethod[0m=GET [36mremote_addr[0m="[::1]:36720" [36mwork_time[0m=13.145918ms
[36mINFO[0m[0370] /messages/chats/4                             [36mmethod[0m=GET [36mremote_addr[0m="[::1]:36720" [36mwork_time[0m=6.002191ms
[36mINFO[0m[0382] /messages/chats/3                             [36mmethod[0m=GET [36mremote_addr[0m="[::1]:36720" [36mwork_time[0m=4.20865ms
[36mINFO[0m[0382] /messages/chats/4                             [36mmethod[0m=GET [36mremote_addr[0m="[::1]:36720" [36mwork_time[0m=7.043393ms
[36mINFO[0m[0388] /messages/channels/5                          [36mmethod[0m=GET [36mremote_addr[0m="[::1]:36720" [36mwork_time[0m=4.06031ms
[36mINFO[0m[0388] /messages/chats/3                             [36mmethod[0m=GET [36mremote_addr[0m="[::1]:36720" [36mwork_time[0m=3.597622ms
[36mINFO[0m[0388] /messages/chats/4                             [36mmethod[0m=GET [36mremote_addr[0m="[::1]:36720" [36mwork_time[0m=4.16337ms
[36mINFO[0m[0494] /messages/chats/3                             [36mmethod[0m=GET [36mremote_addr[0m="[::1]:36720" [36mwork_time[0m=14.565169ms
[36mINFO[0m[0494] /messages/chats/4                             [36mmethod[0m=GET [36mremote_addr[0m="[::1]:36720" [36mwork_time[0m=4.697589ms
[36mINFO[0m[0503] /messages/chats/3                             [36mmethod[0m=GET [36mremote_addr[0m="[::1]:36720" [36mwork_time[0m=15.911064ms
[36mINFO[0m[0503] /messages/chats/4                             [36mmethod[0m=GET [36mremote_addr[0m="[::1]:36720" [36mwork_time[0m=14.023273ms
[36mINFO[0m[0511] /messages/as                                  [36mmethod[0m=GET [36mremote_addr[0m="[::1]:36720" [36mwork_time[0m=31.7562ms
[36mINFO[0m[0514] /messages/chats/3                             [36mmethod[0m=GET [36mremote_addr[0m="[::1]:36720" [36mwork_time[0m=5.664395ms
[36mINFO[0m[0514] /messages/chats/4                             [36mmethod[0m=GET [36mremote_addr[0m="[::1]:36720" [36mwork_time[0m=9.46622ms
[36mINFO[0m[0514] /messages/chats/4                             [36mmethod[0m=GET [36mremote_addr[0m="[::1]:36720" [36mwork_time[0m=6.197212ms
[36mINFO[0m[0518] /messages/chats/3                             [36mmethod[0m=GET [36mremote_addr[0m="[::1]:36720" [36mwork_time[0m=5.011339ms
[36mINFO[0m[0518] /messages/chats/4                             [36mmethod[0m=GET [36mremote_addr[0m="[::1]:36720" [36mwork_time[0m=6.705581ms
[36mINFO[0m[0525] /messages/chats/3                             [36mmethod[0m=GET [36mremote_addr[0m="[::1]:36720" [36mwork_time[0m=8.811609ms
[36mINFO[0m[0525] /messages/chats/4                             [36mmethod[0m=GET [36mremote_addr[0m="[::1]:36720" [36mwork_time[0m=16.363932ms
[36mINFO[0m[0527] /messages/chats/4                             [36mmethod[0m=GET [36mremote_addr[0m="[::1]:36720" [36mwork_time[0m=4.356973ms
[36mINFO[0m[0527] /messages/chats/3                             [36mmethod[0m=GET [36mremote_addr[0m="[::1]:36720" [36mwork_time[0m=6.592686ms
[36mINFO[0m[0527] /messages/chats/4                             [36mmethod[0m=GET [36mremote_addr[0m="[::1]:36720" [36mwork_time[0m=5.39322ms
[36mINFO[0m[0527] /messages/chats/4                             [36mmethod[0m=GET [36mremote_addr[0m="[::1]:36720" [36mwork_time[0m=5.993547ms
[36mINFO[0m[0530] /messages/chats/4                             [36mmethod[0m=POST [36mremote_addr[0m="[::1]:36720" [36mwork_time[0m=27.797503ms
