[36mINFO[0m[4302] /messages/Message                             [36mmethod[0m=GET [36mremote_addr[0m="[::1]:54994" [36mwork_time[0m="58.725µs"
[36mINFO[0m[0615] /workspaces                                   [36mmethod[0m=POST [36mremote_addr[0m="[::1]:46000" [36mwork_time[0m="49.351µs"
[36mINFO[0m[0651] /workspaces/2                                 [36mmethod[0m=PUT [36mremote_addr[0m="[::1]:46000" [36mwork_time[0m="28.987µs"
[36mINFO[0m[0118] /users/1/chats                                [36mmethod[0m=GET [36mremote_addr[0m="[::1]:46196" [36mwork_time[0m="51.305µs"
[36mINFO[0m[0258] /chats/2                                      [36mmethod[0m=GET [36mremote_addr[0m="[::1]:46196" [36mwork_time[0m="20.922µs"
[36mINFO[0m[0346] /channels/1                                   [36mmethod[0m=GET [36mremote_addr[0m="[::1]:46196" [36mwork_time[0m="20.969µs"
[36mINFO[0m[0071] /logout                                       [36mmethod[0m=DELETE [36mremote_addr[0m="[::1]:46950" [36mwork_time[0m=3.685337ms
[36mINFO[0m[0079] /login                                        [36mmethod[0m=POST [36mremote_addr[0m="[::1]:46950" [36mwork_time[0m=11.186928ms
[36mINFO[0m[0082] /users/Anton                                  [36mmethod[0m=GET [36mremote_addr[0m="[::1]:46950" [36mwork_time[0m=1.072924ms
[36mINFO[0m[0089] /users/1                                      [36mmethod[0m=PUT [36mremote_addr[0m="[::1]:46950" [36mwork_time[0m=8.384308ms
[36mINFO[0m[0097] /users                                        [36mmethod[0m=GET [36mremote_addr[0m="[::1]:46950" [36mwork_time[0m="656.034µs"
[36mINFO[0m[0101] /users/1                                      [36mmethod[0m=GET [36mremote_addr[0m="[::1]:46950" [36mwork_time[0m="957.023µs"
[36mINFO[0m[0113] //users/1                                     [36mmethod[0m=GET [36mremote_addr[0m="[::1]:46950" [36mwork_time[0m="7.593µs"
[36mINFO[0m[0113] /users/1                                      [36mmethod[0m=GET [36mremote_addr[0m="[::1]:46950" [36mwork_time[0m=1.088136ms
[36mINFO[0m[0211] /workspaces/3/channels                        [36mmethod[0m=POST [36mremote_addr[0m="[::1]:46950" [36mwork_time[0m="39.398µs"
[36mINFO[0m[0304] /channels/4/messages                          [36mmethod[0m=POST [36mremote_addr[0m="[::1]:46950" [36mwork_time[0m="53.611µs"
[31mERRO[0m[0159] {"Cause":{"Op":"dial","Net":"tcp","Source":null,"Addr":{"IP":"127.0.0.1","Port":6379,"Zone":""},"Err":{"Syscall":"connect","Err":111}},"Detail":"can not get session in GetIDdial tcp 127.0.0.1:6379: connect: connection refused","Status":500}  [31mmethod[0m=POST [31mremote_addr[0m="[::1]:35474"
[36mINFO[0m[0159] /login                                        [36mmethod[0m=POST [36mremote_addr[0m="[::1]:35474" [36mwork_time[0m=16.937889ms
[36mINFO[0m[0181] /login                                        [36mmethod[0m=POST [36mremote_addr[0m="[::1]:35474" [36mwork_time[0m=2.255237ms
[36mINFO[0m[0194] /users/mem                                    [36mmethod[0m=GET [36mremote_addr[0m="[::1]:35474" [36mwork_time[0m=6.921295ms
[36mINFO[0m[0203] /users/1                                      [36mmethod[0m=PUT [36mremote_addr[0m="[::1]:35474" [36mwork_time[0m=3.735286ms
[36mINFO[0m[0207] /users/mem                                    [36mmethod[0m=GET [36mremote_addr[0m="[::1]:35474" [36mwork_time[0m="901.636µs"
[31mERRO[0m[0226] Internal server error                         [31merr[0m="open photos/upload-705414513.png: no such file or directory" [31mmethod[0m=POST [31mremote_addr[0m="[::1]:35474"
[36mINFO[0m[0226] /photos                                       [36mmethod[0m=POST [36mremote_addr[0m="[::1]:35474" [36mwork_time[0m=1.156324ms
[36mINFO[0m[0263] /photos                                       [36mmethod[0m=POST [36mremote_addr[0m="[::1]:35474" [36mwork_time[0m=7.01074ms
[36mINFO[0m[0269] /photos/1                                     [36mmethod[0m=GET [36mremote_addr[0m="[::1]:35474" [36mwork_time[0m="402.155µs"
[36mINFO[0m[0274] /users                                        [36mmethod[0m=GET [36mremote_addr[0m="[::1]:35474" [36mwork_time[0m="603.413µs"
[36mINFO[0m[0279] //users/1                                     [36mmethod[0m=GET [36mremote_addr[0m="[::1]:35474" [36mwork_time[0m="7.686µs"
[36mINFO[0m[0279] /users/1                                      [36mmethod[0m=GET [36mremote_addr[0m="[::1]:35474" [36mwork_time[0m=1.501988ms
[36mINFO[0m[0282] //users/2                                     [36mmethod[0m=GET [36mremote_addr[0m="[::1]:35474" [36mwork_time[0m="8.011µs"
[36mINFO[0m[0282] /users/2                                      [36mmethod[0m=GET [36mremote_addr[0m="[::1]:35474" [36mwork_time[0m=1.227201ms
[36mINFO[0m[0286] //users/20                                    [36mmethod[0m=GET [36mremote_addr[0m="[::1]:35474" [36mwork_time[0m="7.32µs"
[31mERRO[0m[0286] {"Cause":{},"Detail":"Can not get user: sql: no rows in result set","Status":500}  [31mmethod[0m=GET [31mremote_addr[0m="[::1]:35474"
[36mINFO[0m[0286] /users/20                                     [36mmethod[0m=GET [36mremote_addr[0m="[::1]:35474" [36mwork_time[0m=1.462746ms
[36mINFO[0m[0294] //users/1                                     [36mmethod[0m=GET [36mremote_addr[0m="[::1]:35474" [36mwork_time[0m="12.245µs"
[36mINFO[0m[0294] /users/1                                      [36mmethod[0m=GET [36mremote_addr[0m="[::1]:35474" [36mwork_time[0m=1.283044ms
[36mINFO[0m[0299] /logout                                       [36mmethod[0m=DELETE [36mremote_addr[0m="[::1]:35474" [36mwork_time[0m="443.691µs"
[36mINFO[0m[0299] /logout                                       [36mmethod[0m=DELETE [36mremote_addr[0m="[::1]:35474" [36mwork_time[0m="57.761µs"
[36mINFO[0m[0303] /login                                        [36mmethod[0m=POST [36mremote_addr[0m="[::1]:35474" [36mwork_time[0m=2.240754ms
[31mERRO[0m[0495] {"Cause":null,"Detail":"Bad request: malformed data","Status":400}  [31mmethod[0m=POST [31mremote_addr[0m="[::1]:35474"
[36mINFO[0m[0495] /login                                        [36mmethod[0m=POST [36mremote_addr[0m="[::1]:35474" [36mwork_time[0m="665.384µs"
[36mINFO[0m[0534] /users/1/chats                                [36mmethod[0m=GET [36mremote_addr[0m="[::1]:35474" [36mwork_time[0m="20.931µs"
[36mINFO[0m[0562] /chats                                        [36mmethod[0m=POST [36mremote_addr[0m="[::1]:35474" [36mwork_time[0m="16.479µs"
[36mINFO[0m[0696] /logout                                       [36mmethod[0m=DELETE [36mremote_addr[0m="[::1]:35474" [36mwork_time[0m="426.429µs"
[36mINFO[0m[0711] /chats/1/messages                             [36mmethod[0m=POST [36mremote_addr[0m="[::1]:35474" [36mwork_time[0m="38.321µs"
[36mINFO[0m[0718] /login                                        [36mmethod[0m=POST [36mremote_addr[0m="[::1]:35474" [36mwork_time[0m=2.269182ms
[36mINFO[0m[1325] /users/1                                      [36mmethod[0m=PUT [36mremote_addr[0m="[::1]:37606" [36mwork_time[0m=8.165786ms
[36mINFO[0m[1332] //users/1                                     [36mmethod[0m=GET [36mremote_addr[0m="[::1]:37606" [36mwork_time[0m="7.075µs"
[36mINFO[0m[1332] /users/1                                      [36mmethod[0m=GET [36mremote_addr[0m="[::1]:37606" [36mwork_time[0m="979.54µs"
[36mINFO[0m[1340] //users/1                                     [36mmethod[0m=GET [36mremote_addr[0m="[::1]:37606" [36mwork_time[0m="8.915µs"
[36mINFO[0m[1340] /users/1                                      [36mmethod[0m=GET [36mremote_addr[0m="[::1]:37606" [36mwork_time[0m=1.045942ms
[36mINFO[0m[1341] //users/1                                     [36mmethod[0m=GET [36mremote_addr[0m="[::1]:37606" [36mwork_time[0m="7.922µs"
[36mINFO[0m[1341] /users/1                                      [36mmethod[0m=GET [36mremote_addr[0m="[::1]:37606" [36mwork_time[0m="989.018µs"
[36mINFO[0m[1789] /users/1                                      [36mmethod[0m=PUT [36mremote_addr[0m="[::1]:38396" [36mwork_time[0m=7.612877ms
[36mINFO[0m[1794] //users/1                                     [36mmethod[0m=GET [36mremote_addr[0m="[::1]:38396" [36mwork_time[0m="11.809µs"
[36mINFO[0m[1794] /users/1                                      [36mmethod[0m=GET [36mremote_addr[0m="[::1]:38396" [36mwork_time[0m="983.469µs"
[36mINFO[0m[1805] /workspaces/5/members                         [36mmethod[0m=DELETE [36mremote_addr[0m="[::1]:38396" [36mwork_time[0m="24.253µs"
[36mINFO[0m[3002] /login                                        [36mmethod[0m=POST [36mremote_addr[0m="[::1]:40866" [36mwork_time[0m=19.803587ms
[31mERRO[0m[3022] {"Cause":null,"Detail":"Bad request: malformed data","Status":400}  [31mmethod[0m=POST [31mremote_addr[0m="[::1]:40866"
[36mINFO[0m[3022] /login                                        [36mmethod[0m=POST [36mremote_addr[0m="[::1]:40866" [36mwork_time[0m=6.838724ms
[36mINFO[0m[3030] /users                                        [36mmethod[0m=POST [36mremote_addr[0m="[::1]:40866" [36mwork_time[0m=8.941111ms
[36mINFO[0m[3033] /login                                        [36mmethod[0m=POST [36mremote_addr[0m="[::1]:40866" [36mwork_time[0m=2.555153ms
[36mINFO[0m[3036] /users/mem                                    [36mmethod[0m=GET [36mremote_addr[0m="[::1]:40866" [36mwork_time[0m=2.256826ms
[36mINFO[0m[3040] /users/1                                      [36mmethod[0m=PUT [36mremote_addr[0m="[::1]:40866" [36mwork_time[0m=8.89311ms
[36mINFO[0m[3047] /users                                        [36mmethod[0m=GET [36mremote_addr[0m="[::1]:40866" [36mwork_time[0m="541.734µs"
[36mINFO[0m[3847] /users                                        [36mmethod[0m=POST [36mremote_addr[0m="[::1]:42704" [36mwork_time[0m=3.786455ms
[36mINFO[0m[3882] //chats/2/messages                            [36mmethod[0m=GET [36mremote_addr[0m="[::1]:42704" [36mwork_time[0m="9.311µs"
[36mINFO[0m[3882] /chats/2/messages                             [36mmethod[0m=GET [36mremote_addr[0m="[::1]:42704" [36mwork_time[0m="20.118µs"
[36mINFO[0m[5274] /users                                        [36mmethod[0m=GET [36mremote_addr[0m="[::1]:51372" [36mwork_time[0m=17.918662ms
[36mINFO[0m[5285] /users                                        [36mmethod[0m=GET [36mremote_addr[0m="[::1]:51372" [36mwork_time[0m="843.202µs"
[36mINFO[0m[5303] /users                                        [36mmethod[0m=GET [36mremote_addr[0m="[::1]:51372" [36mwork_time[0m=2.800624ms
[36mINFO[0m[5306] /users                                        [36mmethod[0m=GET [36mremote_addr[0m="[::1]:51372" [36mwork_time[0m=1.219605ms
[36mINFO[0m[5312] /users                                        [36mmethod[0m=GET [36mremote_addr[0m="[::1]:51372" [36mwork_time[0m=2.47172ms
[36mINFO[0m[5314] /users                                        [36mmethod[0m=GET [36mremote_addr[0m="[::1]:51372" [36mwork_time[0m=1.217253ms
[36mINFO[0m[5314] /users/2/chats                                [36mmethod[0m=GET [36mremote_addr[0m="[::1]:51372" [36mwork_time[0m="44.439µs"
[36mINFO[0m[5325] /users                                        [36mmethod[0m=GET [36mremote_addr[0m="[::1]:51372" [36mwork_time[0m=1.140595ms
[36mINFO[0m[5755] /users                                        [36mmethod[0m=GET [36mremote_addr[0m="[::1]:56142" [36mwork_time[0m=8.840808ms
[36mINFO[0m[5758] /users                                        [36mmethod[0m=GET [36mremote_addr[0m="[::1]:56142" [36mwork_time[0m="983.685µs"
[36mINFO[0m[5758] /users/2/chats                                [36mmethod[0m=GET [36mremote_addr[0m="[::1]:56142" [36mwork_time[0m="32.35µs"
[36mINFO[0m[5758] /users/photos/2                               [36mmethod[0m=GET [36mremote_addr[0m="[::1]:56142" [36mwork_time[0m="125.011µs"
[36mINFO[0m[0004] /users                                        [36mmethod[0m=GET [36mremote_addr[0m="[::1]:56848" [36mwork_time[0m=12.050012ms
[36mINFO[0m[0004] /users/2/chats                                [36mmethod[0m=GET [36mremote_addr[0m="[::1]:56848" [36mwork_time[0m="29.172µs"
[31mERRO[0m[0004] Internal server error                         [31merr[0m="open photos/default.png: no such file or directory" [31mmethod[0m=GET [31mremote_addr[0m="[::1]:56848"
[36mINFO[0m[0004] /users/photos/2                               [36mmethod[0m=GET [36mremote_addr[0m="[::1]:56848" [36mwork_time[0m="736.741µs"
[36mINFO[0m[0084] /users                                        [36mmethod[0m=GET [36mremote_addr[0m="[::1]:56848" [36mwork_time[0m=1.036997ms
[36mINFO[0m[0084] /users/2/chats                                [36mmethod[0m=GET [36mremote_addr[0m="[::1]:56848" [36mwork_time[0m="31.537µs"
[36mINFO[0m[0084] /users/photos/2                               [36mmethod[0m=GET [36mremote_addr[0m="[::1]:56848" [36mwork_time[0m=1.69744ms
[36mINFO[0m[0091] /users/logout                                 [36mmethod[0m=DELETE [36mremote_addr[0m="[::1]:56848" [36mwork_time[0m=3.633777ms
[31mERRO[0m[0091] {"Cause":{"Cause":{},"Detail":"can not get session in GetID redigo: nil returned","Status":500},"Detail":"Bad request : not valid cookie:(","Status":401}  [31mmethod[0m=GET [31mremote_addr[0m="[::1]:56848"
[36mINFO[0m[0091] /users                                        [36mmethod[0m=GET [36mremote_addr[0m="[::1]:56848" [36mwork_time[0m="716.799µs"
[36mINFO[0m[0101] /users/login                                  [36mmethod[0m=POST [36mremote_addr[0m="[::1]:56848" [36mwork_time[0m=6.620089ms
[36mINFO[0m[0101] /users                                        [36mmethod[0m=GET [36mremote_addr[0m="[::1]:56848" [36mwork_time[0m=1.241644ms
[36mINFO[0m[0101] /users/2/chats                                [36mmethod[0m=GET [36mremote_addr[0m="[::1]:56848" [36mwork_time[0m="27.721µs"
[36mINFO[0m[0101] /users/photos/2                               [36mmethod[0m=GET [36mremote_addr[0m="[::1]:56848" [36mwork_time[0m="475.555µs"
[36mINFO[0m[0281] /users                                        [36mmethod[0m=GET [36mremote_addr[0m="[::1]:56848" [36mwork_time[0m=9.416249ms
[36mINFO[0m[0281] /users/photos/2                               [36mmethod[0m=GET [36mremote_addr[0m="[::1]:56848" [36mwork_time[0m="722.82µs"
[36mINFO[0m[0303] /users/logout                                 [36mmethod[0m=DELETE [36mremote_addr[0m="[::1]:56848" [36mwork_time[0m=2.115358ms
[31mERRO[0m[0303] {"Cause":{"Cause":{},"Detail":"can not get session in GetID redigo: nil returned","Status":500},"Detail":"Bad request : not valid cookie:(","Status":401}  [31mmethod[0m=GET [31mremote_addr[0m="[::1]:56848"
[36mINFO[0m[0303] /users                                        [36mmethod[0m=GET [36mremote_addr[0m="[::1]:56848" [36mwork_time[0m=2.57966ms
[36mINFO[0m[0321] /users/login                                  [36mmethod[0m=POST [36mremote_addr[0m="[::1]:56848" [36mwork_time[0m=6.22513ms
[36mINFO[0m[0321] /users                                        [36mmethod[0m=GET [36mremote_addr[0m="[::1]:56848" [36mwork_time[0m=2.310411ms
[36mINFO[0m[0321] /users/photos/2                               [36mmethod[0m=GET [36mremote_addr[0m="[::1]:56848" [36mwork_time[0m="565.046µs"
[36mINFO[0m[0376] /users/logout                                 [36mmethod[0m=DELETE [36mremote_addr[0m="[::1]:56848" [36mwork_time[0m=2.295394ms
[31mERRO[0m[0376] {"Cause":{"Cause":{},"Detail":"can not get session in GetID redigo: nil returned","Status":500},"Detail":"Bad request : not valid cookie:(","Status":401}  [31mmethod[0m=GET [31mremote_addr[0m="[::1]:56848"
[36mINFO[0m[0376] /users                                        [36mmethod[0m=GET [36mremote_addr[0m="[::1]:56848" [36mwork_time[0m="536.404µs"
[36mINFO[0m[0399] /users/login                                  [36mmethod[0m=POST [36mremote_addr[0m="[::1]:56848" [36mwork_time[0m=15.44488ms
[36mINFO[0m[0399] /users                                        [36mmethod[0m=GET [36mremote_addr[0m="[::1]:56848" [36mwork_time[0m="804.395µs"
[36mINFO[0m[0399] /users/photos/1                               [36mmethod[0m=GET [36mremote_addr[0m="[::1]:56848" [36mwork_time[0m="951.936µs"
[36mINFO[0m[0410] /users                                        [36mmethod[0m=GET [36mremote_addr[0m="[::1]:56848" [36mwork_time[0m="987.143µs"
[36mINFO[0m[0414] /users                                        [36mmethod[0m=GET [36mremote_addr[0m="[::1]:56848" [36mwork_time[0m=4.690181ms
[36mINFO[0m[0414] /users/photos/1                               [36mmethod[0m=GET [36mremote_addr[0m="[::1]:56848" [36mwork_time[0m="734.042µs"
[36mINFO[0m[0434] /users                                        [36mmethod[0m=GET [36mremote_addr[0m="[::1]:56848" [36mwork_time[0m=2.073503ms
[36mINFO[0m[0434] /users/photos/1                               [36mmethod[0m=GET [36mremote_addr[0m="[::1]:56848" [36mwork_time[0m=1.812105ms
[36mINFO[0m[0477] /users                                        [36mmethod[0m=GET [36mremote_addr[0m="[::1]:56848" [36mwork_time[0m=1.169042ms
[36mINFO[0m[0483] /users                                        [36mmethod[0m=GET [36mremote_addr[0m="[::1]:56848" [36mwork_time[0m=1.087972ms
[36mINFO[0m[0552] /users                                        [36mmethod[0m=GET [36mremote_addr[0m="[::1]:56848" [36mwork_time[0m=7.526225ms
[36mINFO[0m[0612] /users/photos/1                               [36mmethod[0m=GET [36mremote_addr[0m="[::1]:56848" [36mwork_time[0m="663.097µs"
[36mINFO[0m[0629] /users/logout                                 [36mmethod[0m=DELETE [36mremote_addr[0m="[::1]:34912" [36mwork_time[0m=3.90656ms
[36mINFO[0m[0646] /users/login                                  [36mmethod[0m=POST [36mremote_addr[0m="[::1]:34912" [36mwork_time[0m=20.660181ms
[36mINFO[0m[0668] /users/login                                  [36mmethod[0m=POST [36mremote_addr[0m="[::1]:34912" [36mwork_time[0m=2.098435ms
[36mINFO[0m[0122] /users/login                                  [36mmethod[0m=POST [36mremote_addr[0m="[::1]:40374" [36mwork_time[0m=11.854198ms
[36mINFO[0m[0011] /users/login                                  [36mmethod[0m=POST [36mremote_addr[0m="[::1]:44198" [36mwork_time[0m=20.237476ms
[36mINFO[0m[0021] /users                                        [36mmethod[0m=GET [36mremote_addr[0m="[::1]:44198" [36mwork_time[0m="803.138µs"
[36mINFO[0m[0008] /users/login                                  [36mmethod[0m=POST [36mremote_addr[0m="[::1]:44862" [36mwork_time[0m=12.653103ms
[36mINFO[0m[0015] /users                                        [36mmethod[0m=GET [36mremote_addr[0m="[::1]:44862" [36mwork_time[0m="961.88µs"
[36mINFO[0m[0370] //users/1                                     [36mmethod[0m=GET [36mremote_addr[0m="[::1]:48572" [36mwork_time[0m="37.122µs"
[36mINFO[0m[0370] /users/1                                      [36mmethod[0m=GET [36mremote_addr[0m="[::1]:48572" [36mwork_time[0m=1.972473ms
